<?xml version="1.0" encoding="UTF-8"?>
<!-- Generated by org.testng.reporters.JUnitXMLReporter -->
<testsuite ignored="0" hostname="DESKTOP-L2BC9S6" failures="0" tests="4" name="Test" time="5.403" errors="0" timestamp="2026-02-04T12:43:44 IST">
  <testcase classname="cicd.apitest.UserApiTests" name="createPost" time="3.337"/>
  <testcase classname="cicd.apitest.UserApiTests" name="deletePost" time="0.708"/>
  <testcase classname="cicd.apitest.UserApiTests" name="getPosts" time="0.474"/>
  <testcase classname="cicd.apitest.UserApiTests" name="getSinglePost" time="0.353"/>
</testsuite> <!-- Test -->
