<?xml version="1.0" encoding="UTF-8"?>
<testng-results ignored="0" total="4" passed="4" failed="0" skipped="0">
  <reporter-output>
  </reporter-output>
  <suite started-at="2026-02-04T12:43:39 IST" name="Suite" finished-at="2026-02-04T12:43:44 IST" duration-ms="5403">
    <groups>
    </groups>
    <test started-at="2026-02-04T12:43:39 IST" name="Test" finished-at="2026-02-04T12:43:44 IST" duration-ms="5403">
      <class name="cicd.apitest.UserApiTests">
        <test-method is-config="true" signature="setup()[pri:0, instance:cicd.apitest.UserApiTests@7a69b07]" started-at="2026-02-04T12:43:39 IST" name="setup" finished-at="2026-02-04T12:43:39 IST" duration-ms="489" status="PASS">
          <reporter-output>
          </reporter-output>
        </test-method> <!-- setup -->
        <test-method signature="createPost()[pri:0, instance:cicd.apitest.UserApiTests@7a69b07]" started-at="2026-02-04T12:43:39 IST" name="createPost" finished-at="2026-02-04T12:43:43 IST" duration-ms="3337" status="PASS">
          <reporter-output>
          </reporter-output>
        </test-method> <!-- createPost -->
        <test-method signature="deletePost()[pri:0, instance:cicd.apitest.UserApiTests@7a69b07]" started-at="2026-02-04T12:43:43 IST" name="deletePost" finished-at="2026-02-04T12:43:43 IST" duration-ms="708" status="PASS">
          <reporter-output>
          </reporter-output>
        </test-method> <!-- deletePost -->
        <test-method signature="getPosts()[pri:0, instance:cicd.apitest.UserApiTests@7a69b07]" started-at="2026-02-04T12:43:43 IST" name="getPosts" finished-at="2026-02-04T12:43:44 IST" duration-ms="474" status="PASS">
          <reporter-output>
          </reporter-output>
        </test-method> <!-- getPosts -->
        <test-method signature="getSinglePost()[pri:0, instance:cicd.apitest.UserApiTests@7a69b07]" started-at="2026-02-04T12:43:44 IST" name="getSinglePost" finished-at="2026-02-04T12:43:44 IST" duration-ms="353" status="PASS">
          <reporter-output>
          </reporter-output>
        </test-method> <!-- getSinglePost -->
      </class> <!-- cicd.apitest.UserApiTests -->
    </test> <!-- Test -->
  </suite> <!-- Suite -->
</testng-results>
